<?xml version="1.0" encoding="UTF-8"?>
<testng-results skipped="1" failed="0" total="7" passed="6">
  <reporter-output>
  </reporter-output>
  <suite name="TestNG Learning" duration-ms="10965" started-at="2013-08-03T17:21:56Z" finished-at="2013-08-03T17:22:07Z">
    <groups>
    </groups>
    <test name="Second test" duration-ms="1" started-at="2013-08-03T17:21:56Z" finished-at="2013-08-03T17:21:56Z">
      <class name="testCase2">
        <test-method status="SKIP" signature="testValidteLink()" name="testValidteLink" duration-ms="0" started-at="2013-08-03T17:21:56Z" finished-at="2013-08-03T17:21:56Z">
          <exception class="org.testng.SkipException">
            <message>
              <![CDATA[Skipping the tesst case as the runmode is set to NO]]>
            </message>
            <full-stacktrace>
              <![CDATA[org.testng.SkipException: Skipping the tesst case as the runmode is set to NO
	at testCase2.testValidteLink(testCase2.java:11)
	at sun.reflect.NativeMethodAccessorImpl.invoke0(Native Method)
	at sun.reflect.NativeMethodAccessorImpl.invoke(NativeMethodAccessorImpl.java:39)
	at sun.reflect.DelegatingMethodAccessorImpl.invoke(DelegatingMethodAccessorImpl.java:25)
	at java.lang.reflect.Method.invoke(Method.java:597)
	at org.testng.internal.MethodInvocationHelper.invokeMethod(MethodInvocationHelper.java:76)
	at org.testng.internal.Invoker.invokeMethod(Invoker.java:673)
	at org.testng.internal.Invoker.invokeTestMethod(Invoker.java:846)
	at org.testng.internal.Invoker.invokeTestMethods(Invoker.java:1170)
	at org.testng.internal.TestMethodWorker.invokeTestMethods(TestMethodWorker.java:125)
	at org.testng.internal.TestMethodWorker.run(TestMethodWorker.java:109)
	at org.testng.TestRunner.runWorkers(TestRunner.java:1147)
	at org.testng.TestRunner.privateRun(TestRunner.java:749)
	at org.testng.TestRunner.run(TestRunner.java:600)
	at org.testng.SuiteRunner.runTest(SuiteRunner.java:317)
	at org.testng.SuiteRunner.runSequentially(SuiteRunner.java:312)
	at org.testng.SuiteRunner.privateRun(SuiteRunner.java:274)
	at org.testng.SuiteRunner.run(SuiteRunner.java:223)
	at org.testng.SuiteRunnerWorker.runSuite(SuiteRunnerWorker.java:52)
	at org.testng.SuiteRunnerWorker.run(SuiteRunnerWorker.java:86)
	at org.testng.TestNG.runSuitesSequentially(TestNG.java:1039)
	at org.testng.TestNG.runSuitesLocally(TestNG.java:964)
	at org.testng.TestNG.run(TestNG.java:900)
	at org.testng.TestNG.privateMain(TestNG.java:1182)
	at org.testng.TestNG.main(TestNG.java:1146)
]]>
            </full-stacktrace>
          </exception>
        </test-method>
      </class>
    </test>
    <test name="Excel test" duration-ms="10933" started-at="2013-08-03T17:21:56Z" finished-at="2013-08-03T17:22:07Z">
      <class name="testParameterization">
        <test-method status="PASS" signature="testIniWebDriver()" name="testIniWebDriver" is-config="true" duration-ms="4331" started-at="2013-08-03T17:21:52Z" finished-at="2013-08-03T17:21:56Z">
        </test-method>
        <test-method status="PASS" signature="testCreateDBConnection()" name="testCreateDBConnection" is-config="true" duration-ms="1" started-at="2013-08-03T17:21:56Z" finished-at="2013-08-03T17:21:56Z">
        </test-method>
        <test-method status="PASS" signature="testOpenBrowser()" name="testOpenBrowser" is-config="true" duration-ms="1" started-at="2013-08-03T17:21:56Z" finished-at="2013-08-03T17:21:56Z">
        </test-method>
        <test-method status="PASS" signature="testCloseBrowser()" name="testCloseBrowser" is-config="true" duration-ms="0" started-at="2013-08-03T17:21:56Z" finished-at="2013-08-03T17:21:56Z">
        </test-method>
        <test-method status="PASS" signature="testLogin()" name="testLogin" duration-ms="0" started-at="2013-08-03T17:21:56Z" finished-at="2013-08-03T17:21:56Z">
        </test-method>
        <test-method status="PASS" signature="testOpenBrowser()" name="testOpenBrowser" is-config="true" duration-ms="0" started-at="2013-08-03T17:21:57Z" finished-at="2013-08-03T17:21:57Z">
        </test-method>
        <test-method status="PASS" signature="testData(java.lang.String, java.lang.String, java.lang.String)" name="testData" duration-ms="3204" started-at="2013-08-03T17:21:57Z" finished-at="2013-08-03T17:22:00Z">
          <params>
            <param index="0">
              <value>
                <![CDATA[Raman]]>
              </value>
            </param>
            <param index="1">
              <value>
                <![CDATA[sdfsf]]>
              </value>
            </param>
            <param index="2">
              <value>
                <![CDATA[Y]]>
              </value>
            </param>
          </params>
        </test-method>
        <test-method status="PASS" signature="testOpenBrowser()" name="testOpenBrowser" is-config="true" duration-ms="0" started-at="2013-08-03T17:22:00Z" finished-at="2013-08-03T17:22:00Z">
        </test-method>
        <test-method status="PASS" signature="testCloseBrowser()" name="testCloseBrowser" is-config="true" duration-ms="0" started-at="2013-08-03T17:22:00Z" finished-at="2013-08-03T17:22:00Z">
        </test-method>
        <test-method status="PASS" signature="testData(java.lang.String, java.lang.String, java.lang.String)" name="testData" duration-ms="1905" started-at="2013-08-03T17:22:00Z" finished-at="2013-08-03T17:22:02Z">
          <params>
            <param index="0">
              <value>
                <![CDATA[Ajay]]>
              </value>
            </param>
            <param index="1">
              <value>
                <![CDATA[sdfsf]]>
              </value>
            </param>
            <param index="2">
              <value>
                <![CDATA[N]]>
              </value>
            </param>
          </params>
        </test-method>
        <test-method status="PASS" signature="testCloseBrowser()" name="testCloseBrowser" is-config="true" duration-ms="1" started-at="2013-08-03T17:22:02Z" finished-at="2013-08-03T17:22:02Z">
        </test-method>
        <test-method status="PASS" signature="testOpenBrowser()" name="testOpenBrowser" is-config="true" duration-ms="0" started-at="2013-08-03T17:22:02Z" finished-at="2013-08-03T17:22:02Z">
        </test-method>
        <test-method status="PASS" signature="testData(java.lang.String, java.lang.String, java.lang.String)" name="testData" duration-ms="1905" started-at="2013-08-03T17:22:02Z" finished-at="2013-08-03T17:22:04Z">
          <params>
            <param index="0">
              <value>
                <![CDATA[ShwetKamal]]>
              </value>
            </param>
            <param index="1">
              <value>
                <![CDATA[fdfdf]]>
              </value>
            </param>
            <param index="2">
              <value>
                <![CDATA[Y]]>
              </value>
            </param>
          </params>
        </test-method>
        <test-method status="PASS" signature="testCloseBrowser()" name="testCloseBrowser" is-config="true" duration-ms="0" started-at="2013-08-03T17:22:04Z" finished-at="2013-08-03T17:22:04Z">
        </test-method>
        <test-method status="PASS" signature="testOpenBrowser()" name="testOpenBrowser" is-config="true" duration-ms="0" started-at="2013-08-03T17:22:04Z" finished-at="2013-08-03T17:22:04Z">
        </test-method>
        <test-method status="PASS" signature="testData(java.lang.String, java.lang.String, java.lang.String)" name="testData" duration-ms="3360" started-at="2013-08-03T17:22:04Z" finished-at="2013-08-03T17:22:07Z">
          <params>
            <param index="0">
              <value>
                <![CDATA[Nandan]]>
              </value>
            </param>
            <param index="1">
              <value>
                <![CDATA[sdfd]]>
              </value>
            </param>
            <param index="2">
              <value>
                <![CDATA[N]]>
              </value>
            </param>
          </params>
        </test-method>
        <test-method status="PASS" signature="testCloseBrowser()" name="testCloseBrowser" is-config="true" duration-ms="0" started-at="2013-08-03T17:22:07Z" finished-at="2013-08-03T17:22:07Z">
        </test-method>
        <test-method status="PASS" signature="testCloseDBConnection()" name="testCloseDBConnection" is-config="true" duration-ms="1" started-at="2013-08-03T17:22:07Z" finished-at="2013-08-03T17:22:07Z">
        </test-method>
        <test-method status="PASS" signature="testQuitDriver()" name="testQuitDriver" is-config="true" duration-ms="116" started-at="2013-08-03T17:22:07Z" finished-at="2013-08-03T17:22:08Z">
        </test-method>
      </class>
    </test>
    <test name="Login test" duration-ms="5" started-at="2013-08-03T17:21:56Z" finished-at="2013-08-03T17:21:56Z">
      <class name="testCase1">
        <test-method status="PASS" signature="testCreateDBConnection()" name="testCreateDBConnection" is-config="true" duration-ms="0" started-at="2013-08-03T17:21:56Z" finished-at="2013-08-03T17:21:56Z">
        </test-method>
        <test-method status="PASS" signature="testOpenBrowser()" name="testOpenBrowser" is-config="true" duration-ms="1" started-at="2013-08-03T17:21:56Z" finished-at="2013-08-03T17:21:56Z">
        </test-method>
        <test-method status="PASS" signature="testCloseBrowser()" name="testCloseBrowser" is-config="true" duration-ms="0" started-at="2013-08-03T17:21:56Z" finished-at="2013-08-03T17:21:56Z">
        </test-method>
        <test-method status="PASS" signature="testLogin()" name="testLogin" duration-ms="0" started-at="2013-08-03T17:21:56Z" finished-at="2013-08-03T17:21:56Z">
        </test-method>
        <test-method status="PASS" signature="testCloseDBConnection()" name="testCloseDBConnection" is-config="true" duration-ms="0" started-at="2013-08-03T17:21:56Z" finished-at="2013-08-03T17:21:56Z">
        </test-method>
      </class>
    </test>
  </suite>
</testng-results>
